c:\users\arman\source\repos\chapter_15\chapter_15\x64\debug\chapter_15.pch
c:\users\arman\source\repos\chapter_15\chapter_15\x64\debug\vc141.pdb
c:\users\arman\source\repos\chapter_15\chapter_15\x64\debug\vc141.idb
c:\users\arman\source\repos\chapter_15\chapter_15\x64\debug\pch.obj
c:\users\arman\source\repos\chapter_15\chapter_15\x64\debug\time.obj
c:\users\arman\source\repos\chapter_15\chapter_15\x64\debug\miltime.obj
c:\users\arman\source\repos\chapter_15\chapter_15\x64\debug\chapter_15.obj
c:\users\arman\source\repos\chapter_15\x64\debug\chapter_15.exe
c:\users\arman\source\repos\chapter_15\x64\debug\chapter_15.ilk
c:\users\arman\source\repos\chapter_15\x64\debug\chapter_15.pdb
c:\users\arman\desktop\ics 111chapter12-15\chapter_15\chapter_15\x64\debug\chapter_15.obj
c:\users\arman\desktop\ics 111chapter12-15\chapter_15\chapter_15\x64\debug\miltime.obj
c:\users\arman\desktop\ics 111chapter12-15\chapter_15\chapter_15\x64\debug\pch.obj
c:\users\arman\desktop\ics 111chapter12-15\chapter_15\chapter_15\x64\debug\time.obj
c:\users\arman\desktop\ics 111chapter12-15\chapter_15\chapter_15\x64\debug\chapter_15.pch
c:\users\arman\desktop\ics 111chapter12-15\chapter_15\chapter_15\x64\debug\vc141.idb
c:\users\arman\desktop\ics 111chapter12-15\chapter_15\chapter_15\x64\debug\vc141.pdb
c:\users\arman\desktop\ics 111chapter12-15\chapter_15\x64\debug\chapter_15.pdb
c:\users\arman\desktop\ics 111chapter12-15\chapter_15\x64\debug\chapter_15.exe
c:\users\arman\desktop\ics 111chapter12-15\chapter_15\x64\debug\chapter_15.ilk
c:\users\arman\desktop\ics 111chapter12-15\chapter_15\chapter_15\x64\debug\chapter_15.tlog\cl.command.1.tlog
c:\users\arman\desktop\ics 111chapter12-15\chapter_15\chapter_15\x64\debug\chapter_15.tlog\cl.read.1.tlog
c:\users\arman\desktop\ics 111chapter12-15\chapter_15\chapter_15\x64\debug\chapter_15.tlog\cl.write.1.tlog
c:\users\arman\desktop\ics 111chapter12-15\chapter_15\chapter_15\x64\debug\chapter_15.tlog\link.command.1.tlog
c:\users\arman\desktop\ics 111chapter12-15\chapter_15\chapter_15\x64\debug\chapter_15.tlog\link.read.1.tlog
c:\users\arman\desktop\ics 111chapter12-15\chapter_15\chapter_15\x64\debug\chapter_15.tlog\link.write.1.tlog
